<?xml version="1.0" encoding="UTF-8"?>
<testng-results skipped="0" failed="2" total="14" passed="12">
  <reporter-output>
  </reporter-output>
  <suite name="Default suite" duration-ms="157626" started-at="2016-07-03T14:08:41Z" finished-at="2016-07-03T14:11:19Z">
    <groups>
    </groups>
    <test name="Default test" duration-ms="157626" started-at="2016-07-03T14:08:41Z" finished-at="2016-07-03T14:11:19Z">
      <class name="TestRest">
        <test-method status="PASS" signature="ConnectTest()[pri:0, instance:TestRest@6e06451e]" name="ConnectTest" duration-ms="1434" started-at="2016-07-03T17:08:41Z" finished-at="2016-07-03T17:08:43Z">
          <reporter-output>
          </reporter-output>
        </test-method> <!-- ConnectTest -->
        <test-method status="PASS" signature="testAllDates(java.lang.String, java.lang.String, java.lang.String, java.lang.String)[pri:0, instance:TestRest@6e06451e]" name="testAllDates" duration-ms="153276" started-at="2016-07-03T17:08:43Z" data-provider="AllDates" finished-at="2016-07-03T17:11:17Z">
          <params>
            <param index="0">
              <value>
                <![CDATA[1.0]]>
              </value>
            </param>
            <param index="1">
              <value>
                <![CDATA[1994-1-1]]>
              </value>
            </param>
            <param index="2">
              <value>
                <![CDATA[Official exchange rate]]>
              </value>
            </param>
            <param index="3">
              <value>
                <![CDATA[3.0]]>
              </value>
            </param>
          </params>
          <reporter-output>
          </reporter-output>
        </test-method> <!-- testAllDates -->
        <test-method status="FAIL" signature="testInputs(java.lang.String, java.lang.String, java.lang.String, java.lang.String)[pri:0, instance:TestRest@6e06451e]" name="testInputs" duration-ms="27" started-at="2016-07-03T17:11:17Z" data-provider="TestInputs" finished-at="2016-07-03T17:11:17Z">
          <params>
            <param index="0">
              <value>
                <![CDATA[1.0]]>
              </value>
            </param>
            <param index="1">
              <value>
                <![CDATA[1994-1-1]]>
              </value>
            </param>
            <param index="2">
              <value>
                <![CDATA[Official exchange rate]]>
              </value>
            </param>
            <param index="3">
              <value>
                <![CDATA[3.0]]>
              </value>
            </param>
          </params>
          <exception class="java.lang.AssertionError">
            <message>
              <![CDATA[expected [3] but found [1]]]>
            </message>
            <full-stacktrace>
              <![CDATA[java.lang.AssertionError: expected [3] but found [1]
	at org.testng.Assert.fail(Assert.java:94)
	at org.testng.Assert.failNotEquals(Assert.java:494)
	at org.testng.Assert.assertEquals(Assert.java:123)
	at org.testng.Assert.assertEquals(Assert.java:165)
	at TestRest.testInputs(TestRest.java:51)
	at sun.reflect.NativeMethodAccessorImpl.invoke0(Native Method)
	at sun.reflect.NativeMethodAccessorImpl.invoke(NativeMethodAccessorImpl.java:62)
	at sun.reflect.DelegatingMethodAccessorImpl.invoke(DelegatingMethodAccessorImpl.java:43)
	at java.lang.reflect.Method.invoke(Method.java:498)
	at org.testng.internal.MethodInvocationHelper.invokeMethod(MethodInvocationHelper.java:80)
	at org.testng.internal.Invoker.invokeMethod(Invoker.java:714)
	at org.testng.internal.Invoker.invokeTestMethod(Invoker.java:901)
	at org.testng.internal.Invoker.invokeTestMethods(Invoker.java:1231)
	at org.testng.internal.TestMethodWorker.invokeTestMethods(TestMethodWorker.java:127)
	at org.testng.internal.TestMethodWorker.run(TestMethodWorker.java:111)
	at org.testng.TestRunner.privateRun(TestRunner.java:767)
	at org.testng.TestRunner.run(TestRunner.java:617)
	at org.testng.SuiteRunner.runTest(SuiteRunner.java:334)
	at org.testng.SuiteRunner.runSequentially(SuiteRunner.java:329)
	at org.testng.SuiteRunner.privateRun(SuiteRunner.java:291)
	at org.testng.SuiteRunner.run(SuiteRunner.java:240)
	at org.testng.SuiteRunnerWorker.runSuite(SuiteRunnerWorker.java:52)
	at org.testng.SuiteRunnerWorker.run(SuiteRunnerWorker.java:86)
	at org.testng.TestNG.runSuitesSequentially(TestNG.java:1198)
	at org.testng.TestNG.runSuitesLocally(TestNG.java:1123)
	at org.testng.TestNG.run(TestNG.java:1031)
	at org.testng.remote.AbstractRemoteTestNG.run(AbstractRemoteTestNG.java:126)
	at org.testng.remote.RemoteTestNG.initAndRun(RemoteTestNG.java:137)
	at org.testng.remote.RemoteTestNG.main(RemoteTestNG.java:58)
]]>
            </full-stacktrace>
          </exception> <!-- java.lang.AssertionError -->
          <reporter-output>
          </reporter-output>
        </test-method> <!-- testInputs -->
        <test-method status="PASS" signature="testInputs(java.lang.String, java.lang.String, java.lang.String, java.lang.String)[pri:0, instance:TestRest@6e06451e]" name="testInputs" duration-ms="30" started-at="2016-07-03T17:11:17Z" data-provider="TestInputs" finished-at="2016-07-03T17:11:17Z">
          <params>
            <param index="0">
              <value>
                <![CDATA[1.0]]>
              </value>
            </param>
            <param index="1">
              <value>
                <![CDATA[22.02.2015]]>
              </value>
            </param>
            <param index="2">
              <value>
                <![CDATA[Official exchange rate]]>
              </value>
            </param>
            <param index="3">
              <value>
                <![CDATA[3.0]]>
              </value>
            </param>
          </params>
          <reporter-output>
          </reporter-output>
        </test-method> <!-- testInputs -->
        <test-method status="PASS" signature="testInputs(java.lang.String, java.lang.String, java.lang.String, java.lang.String)[pri:0, instance:TestRest@6e06451e]" name="testInputs" duration-ms="588" started-at="2016-07-03T17:11:17Z" data-provider="TestInputs" finished-at="2016-07-03T17:11:17Z">
          <params>
            <param index="0">
              <value>
                <![CDATA[0.0]]>
              </value>
            </param>
            <param index="1">
              <value>
                <![CDATA[42057.0]]>
              </value>
            </param>
            <param index="2">
              <value>
                <![CDATA[ ksajdk]]>
              </value>
            </param>
            <param index="3">
              <value>
                <![CDATA[2.0]]>
              </value>
            </param>
          </params>
          <reporter-output>
          </reporter-output>
        </test-method> <!-- testInputs -->
        <test-method status="PASS" signature="testInputs(java.lang.String, java.lang.String, java.lang.String, java.lang.String)[pri:0, instance:TestRest@6e06451e]" name="testInputs" duration-ms="209" started-at="2016-07-03T17:11:17Z" data-provider="TestInputs" finished-at="2016-07-03T17:11:18Z">
          <params>
            <param index="0">
              <value>
                <![CDATA[-1.0]]>
              </value>
            </param>
            <param index="1">
              <value>
                <![CDATA[22.02.2015]]>
              </value>
            </param>
            <param index="2">
              <value>
                <![CDATA[Official exchange rate]]>
              </value>
            </param>
            <param index="3">
              <value>
                <![CDATA[2.0]]>
              </value>
            </param>
          </params>
          <reporter-output>
          </reporter-output>
        </test-method> <!-- testInputs -->
        <test-method status="PASS" signature="testInputs(java.lang.String, java.lang.String, java.lang.String, java.lang.String)[pri:0, instance:TestRest@6e06451e]" name="testInputs" duration-ms="202" started-at="2016-07-03T17:11:18Z" data-provider="TestInputs" finished-at="2016-07-03T17:11:18Z">
          <params>
            <param index="0">
              <value>
                <![CDATA[78.0]]>
              </value>
            </param>
            <param index="1">
              <value>
                <![CDATA[23.02.2015]]>
              </value>
            </param>
            <param index="2">
              <value>
                <![CDATA[Official exchange rate]]>
              </value>
            </param>
            <param index="3">
              <value>
                <![CDATA[2.0]]>
              </value>
            </param>
          </params>
          <reporter-output>
          </reporter-output>
        </test-method> <!-- testInputs -->
        <test-method status="FAIL" signature="testInputs(java.lang.String, java.lang.String, java.lang.String, java.lang.String)[pri:0, instance:TestRest@6e06451e]" name="testInputs" duration-ms="196" started-at="2016-07-03T17:11:18Z" data-provider="TestInputs" finished-at="2016-07-03T17:11:18Z">
          <params>
            <param index="0">
              <value>
                <![CDATA[-129.0]]>
              </value>
            </param>
            <param index="1">
              <value>
                <![CDATA[24.02.2015]]>
              </value>
            </param>
            <param index="2">
              <value>
                <![CDATA[DWQJdoqjf exchange rate]]>
              </value>
            </param>
            <param index="3">
              <value>
                <![CDATA[1.0]]>
              </value>
            </param>
          </params>
          <exception class="java.lang.AssertionError">
            <message>
              <![CDATA[expected [1] but found [2]]]>
            </message>
            <full-stacktrace>
              <![CDATA[java.lang.AssertionError: expected [1] but found [2]
	at org.testng.Assert.fail(Assert.java:94)
	at org.testng.Assert.failNotEquals(Assert.java:494)
	at org.testng.Assert.assertEquals(Assert.java:123)
	at org.testng.Assert.assertEquals(Assert.java:165)
	at TestRest.testInputs(TestRest.java:51)
	at sun.reflect.NativeMethodAccessorImpl.invoke0(Native Method)
	at sun.reflect.NativeMethodAccessorImpl.invoke(NativeMethodAccessorImpl.java:62)
	at sun.reflect.DelegatingMethodAccessorImpl.invoke(DelegatingMethodAccessorImpl.java:43)
	at java.lang.reflect.Method.invoke(Method.java:498)
	at org.testng.internal.MethodInvocationHelper.invokeMethod(MethodInvocationHelper.java:80)
	at org.testng.internal.Invoker.invokeMethod(Invoker.java:714)
	at org.testng.internal.Invoker.invokeTestMethod(Invoker.java:901)
	at org.testng.internal.Invoker.invokeTestMethods(Invoker.java:1231)
	at org.testng.internal.TestMethodWorker.invokeTestMethods(TestMethodWorker.java:127)
	at org.testng.internal.TestMethodWorker.run(TestMethodWorker.java:111)
	at org.testng.TestRunner.privateRun(TestRunner.java:767)
	at org.testng.TestRunner.run(TestRunner.java:617)
	at org.testng.SuiteRunner.runTest(SuiteRunner.java:334)
	at org.testng.SuiteRunner.runSequentially(SuiteRunner.java:329)
	at org.testng.SuiteRunner.privateRun(SuiteRunner.java:291)
	at org.testng.SuiteRunner.run(SuiteRunner.java:240)
	at org.testng.SuiteRunnerWorker.runSuite(SuiteRunnerWorker.java:52)
	at org.testng.SuiteRunnerWorker.run(SuiteRunnerWorker.java:86)
	at org.testng.TestNG.runSuitesSequentially(TestNG.java:1198)
	at org.testng.TestNG.runSuitesLocally(TestNG.java:1123)
	at org.testng.TestNG.run(TestNG.java:1031)
	at org.testng.remote.AbstractRemoteTestNG.run(AbstractRemoteTestNG.java:126)
	at org.testng.remote.RemoteTestNG.initAndRun(RemoteTestNG.java:137)
	at org.testng.remote.RemoteTestNG.main(RemoteTestNG.java:58)
]]>
            </full-stacktrace>
          </exception> <!-- java.lang.AssertionError -->
          <reporter-output>
          </reporter-output>
        </test-method> <!-- testInputs -->
        <test-method status="PASS" signature="testInputs(java.lang.String, java.lang.String, java.lang.String, java.lang.String)[pri:0, instance:TestRest@6e06451e]" name="testInputs" duration-ms="200" started-at="2016-07-03T17:11:18Z" data-provider="TestInputs" finished-at="2016-07-03T17:11:18Z">
          <params>
            <param index="0">
              <value>
                <![CDATA[32768.0]]>
              </value>
            </param>
            <param index="1">
              <value>
                <![CDATA[25.02.2015]]>
              </value>
            </param>
            <param index="2">
              <value>
                <![CDATA[Official exchange rate]]>
              </value>
            </param>
            <param index="3">
              <value>
                <![CDATA[2.0]]>
              </value>
            </param>
          </params>
          <reporter-output>
          </reporter-output>
        </test-method> <!-- testInputs -->
        <test-method status="PASS" signature="testInputs(java.lang.String, java.lang.String, java.lang.String, java.lang.String)[pri:0, instance:TestRest@6e06451e]" name="testInputs" duration-ms="196" started-at="2016-07-03T17:11:18Z" data-provider="TestInputs" finished-at="2016-07-03T17:11:18Z">
          <params>
            <param index="0">
              <value>
                <![CDATA[-5555.0]]>
              </value>
            </param>
            <param index="1">
              <value>
                <![CDATA[26.02.2015]]>
              </value>
            </param>
            <param index="2">
              <value>
                <![CDATA[Official exchange rate]]>
              </value>
            </param>
            <param index="3">
              <value>
                <![CDATA[2.0]]>
              </value>
            </param>
          </params>
          <reporter-output>
          </reporter-output>
        </test-method> <!-- testInputs -->
        <test-method status="PASS" signature="testInputs(java.lang.String, java.lang.String, java.lang.String, java.lang.String)[pri:0, instance:TestRest@6e06451e]" name="testInputs" duration-ms="22" started-at="2016-07-03T17:11:18Z" data-provider="TestInputs" finished-at="2016-07-03T17:11:18Z">
          <params>
            <param index="0">
              <value>
                <![CDATA[1.0]]>
              </value>
            </param>
            <param index="1">
              <value>
                <![CDATA[-45302.0]]>
              </value>
            </param>
            <param index="2">
              <value>
                <![CDATA[akdwpkpf]]>
              </value>
            </param>
            <param index="3">
              <value>
                <![CDATA[1.0]]>
              </value>
            </param>
          </params>
          <reporter-output>
          </reporter-output>
        </test-method> <!-- testInputs -->
        <test-method status="PASS" signature="testInputs(java.lang.String, java.lang.String, java.lang.String, java.lang.String)[pri:0, instance:TestRest@6e06451e]" name="testInputs" duration-ms="199" started-at="2016-07-03T17:11:18Z" data-provider="TestInputs" finished-at="2016-07-03T17:11:19Z">
          <params>
            <param index="0">
              <value>
                <![CDATA[]]>
              </value>
            </param>
            <param index="1">
              <value>
                <![CDATA[03.02.2014]]>
              </value>
            </param>
            <param index="2">
              <value>
                <![CDATA[Official exchange rate]]>
              </value>
            </param>
            <param index="3">
              <value>
                <![CDATA[2.0]]>
              </value>
            </param>
          </params>
          <reporter-output>
          </reporter-output>
        </test-method> <!-- testInputs -->
        <test-method status="PASS" signature="testInputs(java.lang.String, java.lang.String, java.lang.String, java.lang.String)[pri:0, instance:TestRest@6e06451e]" name="testInputs" duration-ms="203" started-at="2016-07-03T17:11:19Z" data-provider="TestInputs" finished-at="2016-07-03T17:11:19Z">
          <params>
            <param index="0">
              <value>
                <![CDATA[]]>
              </value>
            </param>
            <param index="1">
              <value>
                <![CDATA[07.07.2000]]>
              </value>
            </param>
            <param index="2">
              <value>
                <![CDATA[Official exchange rate]]>
              </value>
            </param>
            <param index="3">
              <value>
                <![CDATA[2.0]]>
              </value>
            </param>
          </params>
          <reporter-output>
          </reporter-output>
        </test-method> <!-- testInputs -->
        <test-method status="PASS" signature="testInputs(java.lang.String, java.lang.String, java.lang.String, java.lang.String)[pri:0, instance:TestRest@6e06451e]" name="testInputs" duration-ms="19" started-at="2016-07-03T17:11:19Z" data-provider="TestInputs" finished-at="2016-07-03T17:11:19Z">
          <params>
            <param index="0">
              <value>
                <![CDATA[1.0]]>
              </value>
            </param>
            <param index="1">
              <value>
                <![CDATA[12.77.2010]]>
              </value>
            </param>
            <param index="2">
              <value>
                <![CDATA[Official exchange rate]]>
              </value>
            </param>
            <param index="3">
              <value>
                <![CDATA[1.0]]>
              </value>
            </param>
          </params>
          <reporter-output>
          </reporter-output>
        </test-method> <!-- testInputs -->
      </class> <!-- TestRest -->
    </test> <!-- Default test -->
  </suite> <!-- Default suite -->
</testng-results>
